C:\NIAGARA\BTGD9201\2013\LECTURES\WEEK #1 PROGRAMS\WIN32WINDOW\WIN32WINDOW\DEBUG\WINMAIN.OBJ
C:\NIAGARA\BTGD9201\2013\LECTURES\WEEK #1 PROGRAMS\WIN32WINDOW\WIN32WINDOW\DEBUG\VC100.PDB
C:\NIAGARA\BTGD9201\2013\LECTURES\WEEK #1 PROGRAMS\WIN32WINDOW\WIN32WINDOW\DEBUG\VC110.PDB
C:\NIAGARA\BTGD9201\2013\LECTURES\WEEK #1 PROGRAMS\WIN32WINDOW\DEBUG\WIN32WINDOW.ILK
C:\NIAGARA\BTGD9201\2013\LECTURES\WEEK #1 PROGRAMS\WIN32WINDOW\DEBUG\WIN32WINDOW.EXE
C:\NIAGARA\BTGD9201\2013\LECTURES\WEEK #1 PROGRAMS\WIN32WINDOW\WIN32WINDOW\DEBUG\WIN32WINDOW.EXE.INTERMEDIATE.MANIFEST
C:\NIAGARA\BTGD9201\2013\LECTURES\WEEK #1 PROGRAMS\WIN32WINDOW\DEBUG\WIN32WINDOW.PDB
C:\NIAGARA\BTGD9201\2013\LECTURES\WEEK #1 PROGRAMS\WIN32WINDOW\WIN32WINDOW\DEBUG\WIN32WINDOW.EXE.EMBED.MANIFEST.RES
C:\Niagara\BTGD9201\2013\Lectures\Week #1 Programs\Win32Window\Win32Window\Debug\winmain.obj
C:\Niagara\BTGD9201\2013\Lectures\Week #1 Programs\Win32Window\Win32Window\Debug\cl.command.1.tlog
C:\Niagara\BTGD9201\2013\Lectures\Week #1 Programs\Win32Window\Win32Window\Debug\CL.read.1.tlog
C:\Niagara\BTGD9201\2013\Lectures\Week #1 Programs\Win32Window\Win32Window\Debug\CL.write.1.tlog
C:\Niagara\BTGD9201\2013\Lectures\Week #1 Programs\Win32Window\Win32Window\Debug\link-cvtres.read.1.tlog
C:\Niagara\BTGD9201\2013\Lectures\Week #1 Programs\Win32Window\Win32Window\Debug\link-cvtres.write.1.tlog
C:\Niagara\BTGD9201\2013\Lectures\Week #1 Programs\Win32Window\Win32Window\Debug\link-rc.read.1.tlog
C:\Niagara\BTGD9201\2013\Lectures\Week #1 Programs\Win32Window\Win32Window\Debug\link-rc.write.1.tlog
C:\Niagara\BTGD9201\2013\Lectures\Week #1 Programs\Win32Window\Win32Window\Debug\link.7952-cvtres.read.1.tlog
C:\Niagara\BTGD9201\2013\Lectures\Week #1 Programs\Win32Window\Win32Window\Debug\link.7952-cvtres.write.1.tlog
C:\Niagara\BTGD9201\2013\Lectures\Week #1 Programs\Win32Window\Win32Window\Debug\link.7952.read.1.tlog
C:\Niagara\BTGD9201\2013\Lectures\Week #1 Programs\Win32Window\Win32Window\Debug\link.7952.write.1.tlog
C:\Niagara\BTGD9201\2013\Lectures\Week #1 Programs\Win32Window\Win32Window\Debug\link.command.1.tlog
C:\Niagara\BTGD9201\2013\Lectures\Week #1 Programs\Win32Window\Win32Window\Debug\link.read.1.tlog
C:\Niagara\BTGD9201\2013\Lectures\Week #1 Programs\Win32Window\Win32Window\Debug\link.write.1.tlog
C:\Niagara\BTGD9201\2013\Lectures\Week #1 Programs\Win32Window\Win32Window\Debug\mt.command.1.tlog
C:\Niagara\BTGD9201\2013\Lectures\Week #1 Programs\Win32Window\Win32Window\Debug\mt.read.1.tlog
C:\Niagara\BTGD9201\2013\Lectures\Week #1 Programs\Win32Window\Win32Window\Debug\mt.write.1.tlog
C:\Niagara\BTGD9201\2013\Lectures\Week #1 Programs\Win32Window\Win32Window\Debug\rc.command.1.tlog
C:\Niagara\BTGD9201\2013\Lectures\Week #1 Programs\Win32Window\Win32Window\Debug\rc.read.1.tlog
C:\Niagara\BTGD9201\2013\Lectures\Week #1 Programs\Win32Window\Win32Window\Debug\rc.write.1.tlog
C:\Niagara\BTGD9201\2013\Lectures\Week #1 Programs\Win32Window\Win32Window\Debug\Win32Window.exe.embed.manifest
C:\Niagara\BTGD9201\2013\Lectures\Week #1 Programs\Win32Window\Win32Window\Debug\Win32Window.exe.intermediate.manifest
C:\Niagara\BTGD9201\2013\Lectures\Week #1 Programs\Win32Window\Win32Window\Debug\Win32Window.exe.embed.manifest.res
C:\Niagara\BTGD9201\2013\Lectures\Week #1 Programs\Win32Window\Win32Window\Debug\vc100.idb
C:\Niagara\BTGD9201\2013\Lectures\Week #1 Programs\Win32Window\Win32Window\Debug\vc110.idb
C:\Niagara\BTGD9201\2013\Lectures\Week #1 Programs\Win32Window\Win32Window\Debug\vc100.pdb
C:\Niagara\BTGD9201\2013\Lectures\Week #1 Programs\Win32Window\Win32Window\Debug\vc110.pdb
C:\Niagara\BTGD9201\2013\Lectures\Week #1 Programs\Win32Window\Win32Window\Debug\Win32Window_manifest.rc
C:\Niagara\BTGD9201\2013\Lectures\Week #1 Programs\Win32Window\Debug\Win32Window.pdb
