c:\fall2015\9201_2015\lectures\week10\ambientlighting\example\debug\vc120.pdb
c:\fall2015\9201_2015\lectures\week10\ambientlighting\example\debug\vc120.idb
c:\fall2015\9201_2015\lectures\week10\ambientlighting\example\debug\directx.obj
c:\fall2015\9201_2015\lectures\week10\ambientlighting\example\debug\font.obj
c:\fall2015\9201_2015\lectures\week10\ambientlighting\example\debug\indexedprimitive.obj
c:\fall2015\9201_2015\lectures\week10\ambientlighting\example\debug\myproject.obj
c:\fall2015\9201_2015\lectures\week10\ambientlighting\example\debug\primitive.obj
c:\fall2015\9201_2015\lectures\week10\ambientlighting\example\debug\sprite.obj
c:\fall2015\9201_2015\lectures\week10\ambientlighting\example\debug\texturetype.obj
c:\fall2015\9201_2015\lectures\week10\ambientlighting\example\debug\timer.obj
c:\fall2015\9201_2015\lectures\week10\ambientlighting\example\debug\litcolourshader.obj
c:\fall2015\9201_2015\lectures\week10\ambientlightingstart\example\debug\vc120.pdb
c:\fall2015\9201_2015\lectures\week10\ambientlightingstart\example\debug\vc120.idb
c:\fall2015\9201_2015\lectures\week10\ambientlightingstart\example\debug\directx.obj
c:\fall2015\9201_2015\lectures\week10\ambientlightingstart\example\debug\font.obj
c:\fall2015\9201_2015\lectures\week10\ambientlightingstart\example\debug\indexedprimitive.obj
c:\fall2015\9201_2015\lectures\week10\ambientlightingstart\example\debug\myproject.obj
c:\fall2015\9201_2015\lectures\week10\ambientlightingstart\example\debug\primitive.obj
c:\fall2015\9201_2015\lectures\week10\ambientlightingstart\example\debug\sprite.obj
c:\fall2015\9201_2015\lectures\week10\ambientlightingstart\example\debug\texturetype.obj
c:\fall2015\9201_2015\lectures\week10\ambientlightingstart\example\debug\timer.obj
c:\fall2015\9201_2015\lectures\week10\ambientlightingstart\example\debug\litcolourshader.obj
c:\fall2015\9201_2015\lectures\week10\ambientlighting\debug\litcolourps.cso
c:\fall2015\9201_2015\lectures\week10\ambientlighting\debug\litcolourvs.cso
c:\fall2015\9201_2015\lectures\week10\ambientlightingstart\debug\litcolorps.cso
c:\fall2015\9201_2015\lectures\week10\ambientlightingstart\debug\litcolourvs.cso
c:\fall2015\9201_2015\lectures\week10\ambientlighting\debug\example.ilk
c:\fall2015\9201_2015\lectures\week10\ambientlighting\debug\example.exe
c:\fall2015\9201_2015\lectures\week10\ambientlighting\debug\example.pdb
c:\fall2015\9201_2015\lectures\week10\ambientlightingstart\debug\example.ilk
c:\fall2015\9201_2015\lectures\week10\ambientlightingstart\debug\example.exe
c:\fall2015\9201_2015\lectures\week10\ambientlightingstart\debug\example.pdb
c:\fall2015\9201_2015\lectures\week10\ambientlightingstart\example\debug\example.tlog\cl.command.1.tlog
c:\fall2015\9201_2015\lectures\week10\ambientlightingstart\example\debug\example.tlog\cl.read.1.tlog
c:\fall2015\9201_2015\lectures\week10\ambientlightingstart\example\debug\example.tlog\cl.write.1.tlog
c:\fall2015\9201_2015\lectures\week10\ambientlightingstart\example\debug\example.tlog\example.write.1u.tlog
c:\fall2015\9201_2015\lectures\week10\ambientlightingstart\example\debug\example.tlog\fxc.command.1.tlog
c:\fall2015\9201_2015\lectures\week10\ambientlightingstart\example\debug\example.tlog\fxc.read.1.tlog
c:\fall2015\9201_2015\lectures\week10\ambientlightingstart\example\debug\example.tlog\fxc.write.1.tlog
c:\fall2015\9201_2015\lectures\week10\ambientlightingstart\example\debug\example.tlog\link.command.1.tlog
c:\fall2015\9201_2015\lectures\week10\ambientlightingstart\example\debug\example.tlog\link.read.1.tlog
c:\fall2015\9201_2015\lectures\week10\ambientlightingstart\example\debug\example.tlog\link.write.1.tlog
