c:\fall2015\9201_2015\testingdirectx\win32graphicsproject\win32graphicsproject\debug\vc120.pdb
c:\fall2015\9201_2015\testingdirectx\win32graphicsproject\win32graphicsproject\debug\vc120.idb
c:\fall2015\9201_2015\testingdirectx\win32graphicsproject\win32graphicsproject\debug\directx.obj
c:\fall2015\9201_2015\testingdirectx\win32graphicsproject\win32graphicsproject\debug\font.obj
c:\fall2015\9201_2015\testingdirectx\win32graphicsproject\win32graphicsproject\debug\myproject.obj
c:\fall2015\9201_2015\testingdirectx\win32graphicsproject\win32graphicsproject\debug\timer.obj
c:\fall2015\9201_2015\labs\lab2\lab2\win32graphicsproject\debug\vc120.pdb
c:\fall2015\9201_2015\labs\lab2\lab2\win32graphicsproject\debug\vc120.idb
c:\fall2015\9201_2015\labs\lab2\lab2\win32graphicsproject\debug\directx.obj
c:\fall2015\9201_2015\labs\lab2\lab2\win32graphicsproject\debug\font.obj
c:\fall2015\9201_2015\labs\lab2\lab2\win32graphicsproject\debug\timer.obj
c:\fall2015\9201_2015\testingdirectx\win32graphicsproject\debug\win32graphicsproject.ilk
c:\fall2015\9201_2015\testingdirectx\win32graphicsproject\debug\win32graphicsproject.exe
c:\fall2015\9201_2015\testingdirectx\win32graphicsproject\debug\win32graphicsproject.pdb
c:\fall2015\9201_2015\labs\lab2\lab2\debug\win32graphicsproject.pdb
c:\fall2015\9201_2015\labs\lab2\lab2\debug\win32graphicsproject.exe
c:\fall2015\9201_2015\labs\lab2\lab2\debug\win32graphicsproject.ilk
c:\fall2015\9201_2015\labs\lab2\lab2\win32graphicsproject\debug\win32gra.3165b117.tlog\cl.command.1.tlog
c:\fall2015\9201_2015\labs\lab2\lab2\win32graphicsproject\debug\win32gra.3165b117.tlog\cl.read.1.tlog
c:\fall2015\9201_2015\labs\lab2\lab2\win32graphicsproject\debug\win32gra.3165b117.tlog\cl.write.1.tlog
c:\fall2015\9201_2015\labs\lab2\lab2\win32graphicsproject\debug\win32gra.3165b117.tlog\link.command.1.tlog
c:\fall2015\9201_2015\labs\lab2\lab2\win32graphicsproject\debug\win32gra.3165b117.tlog\link.read.1.tlog
c:\fall2015\9201_2015\labs\lab2\lab2\win32graphicsproject\debug\win32gra.3165b117.tlog\link.write.1.tlog
