E:\2014\LECTURES\LAB1\LAB1\DEBUG\DIRECTX.OBJ
E:\2014\LECTURES\LAB1\LAB1\DEBUG\FONT.OBJ
E:\2014\LECTURES\LAB1\LAB1\DEBUG\MYPROJECT.OBJ
E:\2014\LECTURES\LAB1\LAB1\DEBUG\TIMER.OBJ
E:\2014\LECTURES\LAB1\LAB1\DEBUG\VC110.PDB
E:\2014\LECTURES\LAB1\DEBUG\LAB1.ILK
E:\2014\LECTURES\LAB1\DEBUG\LAB1.EXE
E:\2014\LECTURES\LAB1\DEBUG\LAB1.PDB
E:\2014\Lectures\Lab1\Lab1\Debug\DirectX.obj
E:\2014\Lectures\Lab1\Lab1\Debug\Font.obj
E:\2014\Lectures\Lab1\Lab1\Debug\Timer.obj
E:\2014\Lectures\Lab1\Lab1\Debug\myProject.obj
E:\2014\Lectures\Lab1\Lab1\Debug\CL.read.1.tlog
E:\2014\Lectures\Lab1\Lab1\Debug\CL.write.1.tlog
E:\2014\Lectures\Lab1\Lab1\Debug\cl.command.1.tlog
E:\2014\Lectures\Lab1\Lab1\Debug\link-rc.read.1.tlog
E:\2014\Lectures\Lab1\Lab1\Debug\link-rc.write.1.tlog
E:\2014\Lectures\Lab1\Lab1\Debug\link-cvtres.read.1.tlog
E:\2014\Lectures\Lab1\Lab1\Debug\link-cvtres.write.1.tlog
E:\2014\Lectures\Lab1\Lab1\Debug\link.read.1.tlog
E:\2014\Lectures\Lab1\Lab1\Debug\link.write.1.tlog
E:\2014\Lectures\Lab1\Lab1\Debug\link.command.1.tlog
E:\2014\Lectures\Lab1\Lab1\Debug\vc110.idb
E:\2014\Lectures\Lab1\Lab1\Debug\vc110.pdb
E:\2014\Lectures\Lab1\Debug\Lab1.pdb
E:\2014\Lectures\Lab1\Debug\Lab1.exe
E:\2014\Lectures\Lab1\Debug\Lab1.ilk
