c:\fall2015\9201_2015\testingdirectx\win32graphicsproject\win32graphicsproject\debug\vc120.pdb
c:\fall2015\9201_2015\lectures\week2\texture_start\win32graphicsproject\debug\vc120.pdb
c:\fall2015\9201_2015\lectures\week2\texture_start\win32graphicsproject\debug\vc120.idb
c:\fall2015\9201_2015\lectures\week2\texture_start\win32graphicsproject\debug\directx.obj
c:\fall2015\9201_2015\lectures\week2\texture_start\win32graphicsproject\debug\font.obj
c:\fall2015\9201_2015\lectures\week2\texture_start\win32graphicsproject\debug\timer.obj
c:\fall2015\9201_2015\lectures\week2\texture_start\win32graphicsproject\debug\myproject.obj
c:\fall2016\btgd9201\week2\texture_start\win32graphicsproject\debug\vc140.pdb
c:\fall2016\btgd9201\week2\texture_start\win32graphicsproject\debug\vc140.idb
c:\fall2016\btgd9201\week2\texture_start\win32graphicsproject\debug\directx.obj
c:\fall2016\btgd9201\week2\texture_start\win32graphicsproject\debug\font.obj
c:\fall2016\btgd9201\week2\texture_start\win32graphicsproject\debug\myproject.obj
c:\fall2016\btgd9201\week2\texture_start\win32graphicsproject\debug\timer.obj
c:\fall2015\9201_2015\testingdirectx\win32graphicsproject\debug\win32graphicsproject.ilk
c:\fall2015\9201_2015\testingdirectx\win32graphicsproject\debug\win32graphicsproject.exe
c:\fall2015\9201_2015\testingdirectx\win32graphicsproject\debug\win32graphicsproject.pdb
c:\fall2015\9201_2015\lectures\week2\texture_start\debug\win32graphicsproject.ilk
c:\fall2015\9201_2015\lectures\week2\texture_start\debug\win32graphicsproject.exe
c:\fall2015\9201_2015\lectures\week2\texture_start\debug\win32graphicsproject.pdb
c:\fall2016\btgd9201\week2\texture_start\debug\win32graphicsproject.ilk
c:\fall2016\btgd9201\week2\texture_start\debug\win32graphicsproject.exe
c:\fall2016\btgd9201\week2\texture_start\debug\win32graphicsproject.pdb
e:\data\niagara college\9201 graphics 2016\week2\texture_start\win32graphicsproject\debug\directx.obj
e:\data\niagara college\9201 graphics 2016\week2\texture_start\win32graphicsproject\debug\font.obj
e:\data\niagara college\9201 graphics 2016\week2\texture_start\win32graphicsproject\debug\myproject.obj
e:\data\niagara college\9201 graphics 2016\week2\texture_start\win32graphicsproject\debug\timer.obj
e:\data\niagara college\9201 graphics 2016\week2\texture_start\win32graphicsproject\debug\vc120.idb
e:\data\niagara college\9201 graphics 2016\week2\texture_start\win32graphicsproject\debug\vc140.idb
e:\data\niagara college\9201 graphics 2016\week2\texture_start\win32graphicsproject\debug\vc120.pdb
e:\data\niagara college\9201 graphics 2016\week2\texture_start\win32graphicsproject\debug\vc140.pdb
e:\data\niagara college\9201 graphics 2016\week2\texture_start\debug\win32graphicsproject.pdb
e:\data\niagara college\9201 graphics 2016\week2\texture_start\debug\win32graphicsproject.exe
e:\data\niagara college\9201 graphics 2016\week2\texture_start\debug\win32graphicsproject.ilk
e:\data\niagara college\9201 graphics 2016\week2\texture_start\win32graphicsproject\debug\win32gra.3165b117.tlog\cl.command.1.tlog
e:\data\niagara college\9201 graphics 2016\week2\texture_start\win32graphicsproject\debug\win32gra.3165b117.tlog\cl.read.1.tlog
e:\data\niagara college\9201 graphics 2016\week2\texture_start\win32graphicsproject\debug\win32gra.3165b117.tlog\cl.write.1.tlog
e:\data\niagara college\9201 graphics 2016\week2\texture_start\win32graphicsproject\debug\win32gra.3165b117.tlog\link.command.1.tlog
e:\data\niagara college\9201 graphics 2016\week2\texture_start\win32graphicsproject\debug\win32gra.3165b117.tlog\link.read.1.tlog
e:\data\niagara college\9201 graphics 2016\week2\texture_start\win32graphicsproject\debug\win32gra.3165b117.tlog\link.write.1.tlog
