  Timer.cpp
  TextureType.cpp
  Sprite.cpp
  Primitive.cpp
  myProject.cpp
  IndexedPrimitive.cpp
  Font.cpp
  DirectX.cpp
  Generating Code...
directxtk.lib(BasicEffect.obj) : warning LNK4099: PDB 'DirectXTK.pdb' was not found with 'directxtk.lib(BasicEffect.obj)' or at 'C:\Users\Administrator\Source\Repos\DirectXProg\Lab4StartPoint\Debug\DirectXTK.pdb'; linking object as if no debug info
directxtk.lib(CommonStates.obj) : warning LNK4099: PDB 'DirectXTK.pdb' was not found with 'directxtk.lib(CommonStates.obj)' or at 'C:\Users\Administrator\Source\Repos\DirectXProg\Lab4StartPoint\Debug\DirectXTK.pdb'; linking object as if no debug info
directxtk.lib(DDSTextureLoader.obj) : warning LNK4099: PDB 'DirectXTK.pdb' was not found with 'directxtk.lib(DDSTextureLoader.obj)' or at 'C:\Users\Administrator\Source\Repos\DirectXProg\Lab4StartPoint\Debug\DirectXTK.pdb'; linking object as if no debug info
directxtk.lib(BinaryReader.obj) : warning LNK4099: PDB 'DirectXTK.pdb' was not found with 'directxtk.lib(BinaryReader.obj)' or at 'C:\Users\Administrator\Source\Repos\DirectXProg\Lab4StartPoint\Debug\DirectXTK.pdb'; linking object as if no debug info
directxtk.lib(EffectCommon.obj) : warning LNK4099: PDB 'DirectXTK.pdb' was not found with 'directxtk.lib(EffectCommon.obj)' or at 'C:\Users\Administrator\Source\Repos\DirectXProg\Lab4StartPoint\Debug\DirectXTK.pdb'; linking object as if no debug info
directxtk.lib(pch.obj) : warning LNK4099: PDB 'DirectXTK.pdb' was not found with 'directxtk.lib(pch.obj)' or at 'C:\Users\Administrator\Source\Repos\DirectXProg\Lab4StartPoint\Debug\DirectXTK.pdb'; linking object as if no debug info
directxtk.lib(SimpleMath.obj) : warning LNK4099: PDB 'DirectXTK.pdb' was not found with 'directxtk.lib(SimpleMath.obj)' or at 'C:\Users\Administrator\Source\Repos\DirectXProg\Lab4StartPoint\Debug\DirectXTK.pdb'; linking object as if no debug info
directxtk.lib(SpriteBatch.obj) : warning LNK4099: PDB 'DirectXTK.pdb' was not found with 'directxtk.lib(SpriteBatch.obj)' or at 'C:\Users\Administrator\Source\Repos\DirectXProg\Lab4StartPoint\Debug\DirectXTK.pdb'; linking object as if no debug info
directxtk.lib(SpriteFont.obj) : warning LNK4099: PDB 'DirectXTK.pdb' was not found with 'directxtk.lib(SpriteFont.obj)' or at 'C:\Users\Administrator\Source\Repos\DirectXProg\Lab4StartPoint\Debug\DirectXTK.pdb'; linking object as if no debug info
directxtk.lib(VertexTypes.obj) : warning LNK4099: PDB 'DirectXTK.pdb' was not found with 'directxtk.lib(VertexTypes.obj)' or at 'C:\Users\Administrator\Source\Repos\DirectXProg\Lab4StartPoint\Debug\DirectXTK.pdb'; linking object as if no debug info
directxtk.lib(WICTextureLoader.obj) : warning LNK4099: PDB 'DirectXTK.pdb' was not found with 'directxtk.lib(WICTextureLoader.obj)' or at 'C:\Users\Administrator\Source\Repos\DirectXProg\Lab4StartPoint\Debug\DirectXTK.pdb'; linking object as if no debug info
  Lab4.vcxproj -> C:\Users\Administrator\Source\Repos\DirectXProg\Lab4StartPoint\Debug\Lab4.exe
  Lab4.vcxproj -> C:\Users\Administrator\Source\Repos\DirectXProg\Lab4StartPoint\Debug\Lab4.pdb (Full PDB)
