d:\teaching\niagara\btgd9201\2014\lectures\week8\basicmodeltransform\example\debug\vc120.pdb
d:\teaching\niagara\btgd9201\2014\lectures\week8\basicmodeltransform\example\debug\vc120.idb
d:\teaching\niagara\btgd9201\2014\lectures\week8\basicmodeltransform\example\debug\directx.obj
d:\teaching\niagara\btgd9201\2014\lectures\week8\basicmodeltransform\example\debug\font.obj
d:\teaching\niagara\btgd9201\2014\lectures\week8\basicmodeltransform\example\debug\myproject.obj
d:\teaching\niagara\btgd9201\2014\lectures\week8\basicmodeltransform\example\debug\sprite.obj
d:\teaching\niagara\btgd9201\2014\lectures\week8\basicmodeltransform\example\debug\texturetype.obj
d:\teaching\niagara\btgd9201\2014\lectures\week8\basicmodeltransform\example\debug\timer.obj
d:\teaching\niagara\btgd9201\2014\lectures\week8\drawingatriangle\example\debug\vc120.pdb
d:\teaching\niagara\btgd9201\2014\lectures\week8\drawingatriangle\example\debug\vc120.idb
d:\teaching\niagara\btgd9201\2014\lectures\week8\drawingatriangle\example\debug\directx.obj
d:\teaching\niagara\btgd9201\2014\lectures\week8\drawingatriangle\example\debug\font.obj
d:\teaching\niagara\btgd9201\2014\lectures\week8\drawingatriangle\example\debug\sprite.obj
d:\teaching\niagara\btgd9201\2014\lectures\week8\drawingatriangle\example\debug\texturetype.obj
d:\teaching\niagara\btgd9201\2014\lectures\week8\drawingatriangle\example\debug\timer.obj
d:\teaching\niagara\btgd9201\2014\lectures\week8\drawingatriangle\example\debug\myproject.obj
d:\teaching\niagara\btgd9201\2014\lectures\week8\drawingatriangle\example\debug\primitive.obj
d:\teaching\niagara\btgd9201\2014\lectures\week8\drawinganindexedtriangle\example\debug\vc120.pdb
d:\teaching\niagara\btgd9201\2014\lectures\week8\drawinganindexedtriangle\example\debug\vc120.idb
d:\teaching\niagara\btgd9201\2014\lectures\week8\drawinganindexedtriangle\example\debug\directx.obj
d:\teaching\niagara\btgd9201\2014\lectures\week8\drawinganindexedtriangle\example\debug\font.obj
d:\teaching\niagara\btgd9201\2014\lectures\week8\drawinganindexedtriangle\example\debug\indexedprimitive.obj
d:\teaching\niagara\btgd9201\2014\lectures\week8\drawinganindexedtriangle\example\debug\myproject.obj
d:\teaching\niagara\btgd9201\2014\lectures\week8\drawinganindexedtriangle\example\debug\primitive.obj
d:\teaching\niagara\btgd9201\2014\lectures\week8\drawinganindexedtriangle\example\debug\sprite.obj
d:\teaching\niagara\btgd9201\2014\lectures\week8\drawinganindexedtriangle\example\debug\texturetype.obj
d:\teaching\niagara\btgd9201\2014\lectures\week8\drawinganindexedtriangle\example\debug\timer.obj
d:\teaching\niagara\btgd9201\2014\lectures\week9\drawinganindexedtriangle\example\debug\vc120.pdb
d:\teaching\niagara\btgd9201\2014\lectures\week9\drawinganindexedtriangle\example\debug\vc120.idb
d:\teaching\niagara\btgd9201\2014\lectures\week9\drawinganindexedtriangle\example\debug\directx.obj
d:\teaching\niagara\btgd9201\2014\lectures\week9\drawinganindexedtriangle\example\debug\font.obj
d:\teaching\niagara\btgd9201\2014\lectures\week9\drawinganindexedtriangle\example\debug\indexedprimitive.obj
d:\teaching\niagara\btgd9201\2014\lectures\week9\drawinganindexedtriangle\example\debug\myproject.obj
d:\teaching\niagara\btgd9201\2014\lectures\week9\drawinganindexedtriangle\example\debug\primitive.obj
d:\teaching\niagara\btgd9201\2014\lectures\week9\drawinganindexedtriangle\example\debug\sprite.obj
d:\teaching\niagara\btgd9201\2014\lectures\week9\drawinganindexedtriangle\example\debug\texturetype.obj
d:\teaching\niagara\btgd9201\2014\lectures\week9\drawinganindexedtriangle\example\debug\timer.obj
d:\teaching\niagara\btgd9201\2014\lectures\week9\drawinganindexedtriangle\example\debug\unlitcolourshader.obj
d:\teaching\niagara\btgd9201\2014\lectures\week9\drawinganindexedtriangle\debug\vertexshader.cso
d:\teaching\niagara\btgd9201\2014\lectures\week9\drawinganindexedtriangle\debug\pixelshader.cso
d:\teaching\niagara\btgd9201\2014\lectures\week9\drawinganindexedtriangle\debug\unlitcolourps.cso
d:\teaching\niagara\btgd9201\2014\lectures\week9\drawinganindexedtriangle\debug\unlitcolourvs.cso
d:\teaching\niagara\btgd9201\2014\lectures\week8\basicmodeltransform\debug\example.ilk
d:\teaching\niagara\btgd9201\2014\lectures\week8\basicmodeltransform\debug\example.exe
d:\teaching\niagara\btgd9201\2014\lectures\week8\basicmodeltransform\debug\example.pdb
d:\teaching\niagara\btgd9201\2014\lectures\week8\drawingatriangle\debug\example.ilk
d:\teaching\niagara\btgd9201\2014\lectures\week8\drawingatriangle\debug\example.exe
d:\teaching\niagara\btgd9201\2014\lectures\week8\drawingatriangle\debug\example.pdb
d:\teaching\niagara\btgd9201\2014\lectures\week8\drawinganindexedtriangle\debug\example.ilk
d:\teaching\niagara\btgd9201\2014\lectures\week8\drawinganindexedtriangle\debug\example.exe
d:\teaching\niagara\btgd9201\2014\lectures\week8\drawinganindexedtriangle\debug\example.pdb
d:\teaching\niagara\btgd9201\2014\lectures\week9\drawinganindexedtriangle\debug\example.ilk
d:\teaching\niagara\btgd9201\2014\lectures\week9\drawinganindexedtriangle\debug\example.exe
d:\teaching\niagara\btgd9201\2014\lectures\week9\drawinganindexedtriangle\debug\example.pdb
d:\teaching\niagara\btgd9201\2014\lectures\week9\drawinganindexedtriangle\example\debug\example.tlog\cl.command.1.tlog
d:\teaching\niagara\btgd9201\2014\lectures\week9\drawinganindexedtriangle\example\debug\example.tlog\cl.read.1.tlog
d:\teaching\niagara\btgd9201\2014\lectures\week9\drawinganindexedtriangle\example\debug\example.tlog\cl.write.1.tlog
d:\teaching\niagara\btgd9201\2014\lectures\week9\drawinganindexedtriangle\example\debug\example.tlog\example.write.1u.tlog
d:\teaching\niagara\btgd9201\2014\lectures\week9\drawinganindexedtriangle\example\debug\example.tlog\fxc.command.1.tlog
d:\teaching\niagara\btgd9201\2014\lectures\week9\drawinganindexedtriangle\example\debug\example.tlog\fxc.read.1.tlog
d:\teaching\niagara\btgd9201\2014\lectures\week9\drawinganindexedtriangle\example\debug\example.tlog\fxc.write.1.tlog
d:\teaching\niagara\btgd9201\2014\lectures\week9\drawinganindexedtriangle\example\debug\example.tlog\link-cvtres.read.1.tlog
d:\teaching\niagara\btgd9201\2014\lectures\week9\drawinganindexedtriangle\example\debug\example.tlog\link-cvtres.write.1.tlog
d:\teaching\niagara\btgd9201\2014\lectures\week9\drawinganindexedtriangle\example\debug\example.tlog\link-rc.read.1.tlog
d:\teaching\niagara\btgd9201\2014\lectures\week9\drawinganindexedtriangle\example\debug\example.tlog\link-rc.write.1.tlog
d:\teaching\niagara\btgd9201\2014\lectures\week9\drawinganindexedtriangle\example\debug\example.tlog\link.59096-cvtres.read.1.tlog
d:\teaching\niagara\btgd9201\2014\lectures\week9\drawinganindexedtriangle\example\debug\example.tlog\link.59096-cvtres.write.1.tlog
d:\teaching\niagara\btgd9201\2014\lectures\week9\drawinganindexedtriangle\example\debug\example.tlog\link.59096-rc.read.1.tlog
d:\teaching\niagara\btgd9201\2014\lectures\week9\drawinganindexedtriangle\example\debug\example.tlog\link.59096-rc.write.1.tlog
d:\teaching\niagara\btgd9201\2014\lectures\week9\drawinganindexedtriangle\example\debug\example.tlog\link.59096.read.1.tlog
d:\teaching\niagara\btgd9201\2014\lectures\week9\drawinganindexedtriangle\example\debug\example.tlog\link.59096.write.1.tlog
d:\teaching\niagara\btgd9201\2014\lectures\week9\drawinganindexedtriangle\example\debug\example.tlog\link.command.1.tlog
d:\teaching\niagara\btgd9201\2014\lectures\week9\drawinganindexedtriangle\example\debug\example.tlog\link.read.1.tlog
d:\teaching\niagara\btgd9201\2014\lectures\week9\drawinganindexedtriangle\example\debug\example.tlog\link.write.1.tlog
