C:\USERS\CFRASER\DOCUMENTS\__VISUAL STUDIO PROJECTS\PROJECTS\_MATH1223\PROJECT 3\PROJECT 3\DEBUG\PROJECT 3.PCH
C:\USERS\CFRASER\DOCUMENTS\__VISUAL STUDIO PROJECTS\PROJECTS\_MATH1223\PROJECT 3\PROJECT 3\DEBUG\STDAFX.OBJ
C:\USERS\CFRASER\DOCUMENTS\__VISUAL STUDIO PROJECTS\PROJECTS\_MATH1223\PROJECT 3\PROJECT 3\DEBUG\VC110.PDB
C:\USERS\CFRASER\DOCUMENTS\__VISUAL STUDIO PROJECTS\PROJECTS\_MATH1223\PROJECT 3\PROJECT 3\DEBUG\PROJECT 3.OBJ
C:\USERS\CFRASER\DOCUMENTS\__VISUAL STUDIO PROJECTS\PROJECTS\_MATH1223\PROJECT 3\PROJECT 3\DEBUG\POINT3D.OBJ
C:\USERS\CFRASER\DOCUMENTS\__VISUAL STUDIO PROJECTS\PROJECTS\_MATH1223\PROJECT 3\PROJECT 3\DEBUG\ASSEMBLYINFO.OBJ
C:\USERS\CFRASER\DOCUMENTS\__VISUAL STUDIO PROJECTS\PROJECTS\_MATH1223\PROJECT 3\PROJECT 3\DEBUG\.NETFRAMEWORK,VERSION=V4.5.ASSEMBLYATTRIBUTES.OBJ
C:\USERS\CFRASER\DOCUMENTS\__VISUAL STUDIO PROJECTS\PROJECTS\_MATH1223\PROJECT 3 SKELETON\PROJECT 3\DEBUG\PROJECT 3.PCH
C:\USERS\CFRASER\DOCUMENTS\__VISUAL STUDIO PROJECTS\PROJECTS\_MATH1223\PROJECT 3 SKELETON\PROJECT 3\DEBUG\STDAFX.OBJ
C:\USERS\CFRASER\DOCUMENTS\__VISUAL STUDIO PROJECTS\PROJECTS\_MATH1223\PROJECT 3 SKELETON\PROJECT 3\DEBUG\VC110.PDB
C:\USERS\CFRASER\DOCUMENTS\__VISUAL STUDIO PROJECTS\PROJECTS\_MATH1223\PROJECT 3 SKELETON\PROJECT 3\DEBUG\PROJECT 3.OBJ
C:\USERS\CFRASER\DOCUMENTS\__VISUAL STUDIO PROJECTS\PROJECTS\_MATH1223\PROJECT 3 SKELETON\PROJECT 3\DEBUG\ASSEMBLYINFO.OBJ
C:\USERS\CFRASER\DOCUMENTS\__VISUAL STUDIO PROJECTS\PROJECTS\_MATH1223\PROJECT 3\DEBUG\PROJECT 3.ILK
C:\USERS\CFRASER\DOCUMENTS\__VISUAL STUDIO PROJECTS\PROJECTS\_MATH1223\PROJECT 3\DEBUG\PROJECT 3.EXE
C:\USERS\CFRASER\DOCUMENTS\__VISUAL STUDIO PROJECTS\PROJECTS\_MATH1223\PROJECT 3\DEBUG\PROJECT 3.PDB
C:\USERS\CFRASER\DOCUMENTS\__VISUAL STUDIO PROJECTS\PROJECTS\_MATH1223\PROJECT 3 SKELETON\DEBUG\PROJECT 3.ILK
C:\USERS\CFRASER\DOCUMENTS\__VISUAL STUDIO PROJECTS\PROJECTS\_MATH1223\PROJECT 3 SKELETON\DEBUG\PROJECT 3.EXE
C:\USERS\CFRASER\DOCUMENTS\__VISUAL STUDIO PROJECTS\PROJECTS\_MATH1223\PROJECT 3 SKELETON\DEBUG\PROJECT 3.PDB
C:\Users\CFRASER\Documents\__Visual Studio Projects\Projects\_Math1223\Project 3\Project 3\Debug\Project3.Form1.resources
C:\Users\CFRASER\Documents\__Visual Studio Projects\Projects\_Math1223\Project 3 Skeleton\Project 3\Debug\Project3.Form1.resources
C:\USERS\CFRASER\DOCUMENTS\__VISUAL STUDIO PROJECTS\PROJECTS\_MATH1223\PROJECT 3\PROJECT 3\DEBUG\APP.RES
C:\USERS\CFRASER\DOCUMENTS\__VISUAL STUDIO PROJECTS\PROJECTS\_MATH1223\PROJECT 3 SKELETON\PROJECT 3\DEBUG\APP.RES
C:\Users\CFRASER\Documents\__Visual Studio Projects\Projects\_Math1223\Project 3 Skeleton\Project 3\Debug\Project 3.vcxproj.GenerateResource.Cache
C:\Users\CFRASER\Documents\__Visual Studio Projects\Projects\_Math1223\Project 3 Skeleton\Project 3\Debug\Project 3.vcxprojResolveAssemblyReference.cache
C:\Users\CFRASER\Documents\__Visual Studio Projects\Projects\_Math1223\Project 3 Skeleton\Project 3\Debug\.NETFramework,Version=v4.5.AssemblyAttributes.obj
C:\Users\CFRASER\Documents\__Visual Studio Projects\Projects\_Math1223\Project 3 Skeleton\Project 3\Debug\AssemblyInfo.obj
C:\Users\CFRASER\Documents\__Visual Studio Projects\Projects\_Math1223\Project 3 Skeleton\Project 3\Debug\Point3D.obj
C:\Users\CFRASER\Documents\__Visual Studio Projects\Projects\_Math1223\Project 3 Skeleton\Project 3\Debug\Project 3.obj
C:\Users\CFRASER\Documents\__Visual Studio Projects\Projects\_Math1223\Project 3 Skeleton\Project 3\Debug\stdafx.obj
C:\Users\CFRASER\Documents\__Visual Studio Projects\Projects\_Math1223\Project 3 Skeleton\Project 3\Debug\cl.command.1.tlog
C:\Users\CFRASER\Documents\__Visual Studio Projects\Projects\_Math1223\Project 3 Skeleton\Project 3\Debug\CL.read.1.tlog
C:\Users\CFRASER\Documents\__Visual Studio Projects\Projects\_Math1223\Project 3 Skeleton\Project 3\Debug\CL.write.1.tlog
C:\Users\CFRASER\Documents\__Visual Studio Projects\Projects\_Math1223\Project 3 Skeleton\Project 3\Debug\link.1940-cvtres.read.1.tlog
C:\Users\CFRASER\Documents\__Visual Studio Projects\Projects\_Math1223\Project 3 Skeleton\Project 3\Debug\link.1940-cvtres.write.1.tlog
C:\Users\CFRASER\Documents\__Visual Studio Projects\Projects\_Math1223\Project 3 Skeleton\Project 3\Debug\link.1940-rc.read.1.tlog
C:\Users\CFRASER\Documents\__Visual Studio Projects\Projects\_Math1223\Project 3 Skeleton\Project 3\Debug\link.1940-rc.write.1.tlog
C:\Users\CFRASER\Documents\__Visual Studio Projects\Projects\_Math1223\Project 3 Skeleton\Project 3\Debug\link.1940.read.1.tlog
C:\Users\CFRASER\Documents\__Visual Studio Projects\Projects\_Math1223\Project 3 Skeleton\Project 3\Debug\link.1940.write.1.tlog
C:\Users\CFRASER\Documents\__Visual Studio Projects\Projects\_Math1223\Project 3 Skeleton\Project 3\Debug\link.5308-cvtres.read.1.tlog
C:\Users\CFRASER\Documents\__Visual Studio Projects\Projects\_Math1223\Project 3 Skeleton\Project 3\Debug\link.5308-cvtres.write.1.tlog
C:\Users\CFRASER\Documents\__Visual Studio Projects\Projects\_Math1223\Project 3 Skeleton\Project 3\Debug\link.5308-rc.read.1.tlog
C:\Users\CFRASER\Documents\__Visual Studio Projects\Projects\_Math1223\Project 3 Skeleton\Project 3\Debug\link.5308-rc.write.1.tlog
C:\Users\CFRASER\Documents\__Visual Studio Projects\Projects\_Math1223\Project 3 Skeleton\Project 3\Debug\link.5308.read.1.tlog
C:\Users\CFRASER\Documents\__Visual Studio Projects\Projects\_Math1223\Project 3 Skeleton\Project 3\Debug\link.5308.write.1.tlog
C:\Users\CFRASER\Documents\__Visual Studio Projects\Projects\_Math1223\Project 3 Skeleton\Project 3\Debug\link.command.1.tlog
C:\Users\CFRASER\Documents\__Visual Studio Projects\Projects\_Math1223\Project 3 Skeleton\Project 3\Debug\link.read.1.tlog
C:\Users\CFRASER\Documents\__Visual Studio Projects\Projects\_Math1223\Project 3 Skeleton\Project 3\Debug\link.write.1.tlog
C:\Users\CFRASER\Documents\__Visual Studio Projects\Projects\_Math1223\Project 3 Skeleton\Project 3\Debug\metagen.read.1.tlog
C:\Users\CFRASER\Documents\__Visual Studio Projects\Projects\_Math1223\Project 3 Skeleton\Project 3\Debug\metagen.write.1.tlog
C:\Users\CFRASER\Documents\__Visual Studio Projects\Projects\_Math1223\Project 3 Skeleton\Project 3\Debug\Project 3.write.1.tlog
C:\Users\CFRASER\Documents\__Visual Studio Projects\Projects\_Math1223\Project 3 Skeleton\Project 3\Debug\rc.command.1.tlog
C:\Users\CFRASER\Documents\__Visual Studio Projects\Projects\_Math1223\Project 3 Skeleton\Project 3\Debug\rc.read.1.tlog
C:\Users\CFRASER\Documents\__Visual Studio Projects\Projects\_Math1223\Project 3 Skeleton\Project 3\Debug\rc.write.1.tlog
C:\Users\CFRASER\Documents\__Visual Studio Projects\Projects\_Math1223\Project 3 Skeleton\Project 3\Debug\app.res
C:\Users\CFRASER\Documents\__Visual Studio Projects\Projects\_Math1223\Project 3 Skeleton\Project 3\Debug\Project 3.pch
C:\Users\CFRASER\Documents\__Visual Studio Projects\Projects\_Math1223\Project 3 Skeleton\Project 3\Debug\vc110.pdb
C:\Users\CFRASER\Documents\__Visual Studio Projects\Projects\_Math1223\Project 3 Skeleton\Project 3\Debug\RSAENH.DLL.bi
C:\Users\CFRASER\Documents\__Visual Studio Projects\Projects\_Math1223\Project 3 Skeleton\Project 3\Debug\TZRES.DLL.bi
C:\Users\CFRASER\Documents\__Visual Studio Projects\Projects\_Math1223\Project 3 Skeleton\Debug\Project 3.pdb
C:\Users\CFRASER\Documents\__Visual Studio Projects\Projects\_Math1223\Project 3 Skeleton\Debug\Project 3.exe
C:\Users\CFRASER\Documents\__Visual Studio Projects\Projects\_Math1223\Project 3 Skeleton\Debug\Project 3.ilk
